<?xml version="1.0" encoding="UTF-8"?>
<!-- Generated by org.testng.reporters.JUnitReportReporter -->
<testsuite hostname="Kevins-MacBook-Pro.local" name="com.yourcompany.SampleSauceTest" tests="1" failures="0" timestamp="7 Jun 2016 18:57:59 GMT" time="38.219" errors="0">
  <testcase name="main" time="38.219" classname="com.yourcompany.SampleSauceTest"/>
</testsuite> <!-- com.yourcompany.SampleSauceTest -->
